TN:
SF:controllers\authController.js
FN:10,(anonymous_0)
FN:130,(anonymous_1)
FN:219,(anonymous_2)
FN:304,(anonymous_3)
FN:336,(anonymous_4)
FN:371,(anonymous_5)
FNF:6
FNH:1
FNDA:2,(anonymous_0)
FNDA:0,(anonymous_1)
FNDA:0,(anonymous_2)
FNDA:0,(anonymous_3)
FNDA:0,(anonymous_4)
FNDA:0,(anonymous_5)
DA:2,1
DA:3,1
DA:4,1
DA:10,1
DA:11,2
DA:12,2
DA:13,2
DA:15,2
DA:18,2
DA:19,1
DA:20,1
DA:24,1
DA:26,1
DA:28,1
DA:33,1
DA:37,1
DA:38,0
DA:39,0
DA:47,1
DA:49,1
DA:50,0
DA:51,0
DA:58,1
DA:60,0
DA:65,1
DA:66,1
DA:70,1
DA:71,1
DA:79,1
DA:81,0
DA:84,0
DA:85,0
DA:86,0
DA:94,0
DA:95,0
DA:98,0
DA:101,0
DA:102,0
DA:105,0
DA:106,0
DA:107,0
DA:110,0
DA:111,0
DA:112,0
DA:113,0
DA:115,0
DA:117,0
DA:118,0
DA:121,0
DA:122,0
DA:123,0
DA:130,0
DA:131,0
DA:132,0
DA:134,0
DA:135,0
DA:136,0
DA:137,0
DA:140,0
DA:141,0
DA:142,0
DA:148,0
DA:153,1
DA:155,1
DA:156,1
DA:157,1
DA:158,0
DA:159,0
DA:161,1
DA:163,0
DA:164,0
DA:167,1
DA:170,1
DA:176,0
DA:177,0
DA:180,0
DA:183,0
DA:184,0
DA:188,0
DA:189,0
DA:193,0
DA:194,0
DA:198,0
DA:199,0
DA:205,0
DA:213,1
DA:219,1
DA:220,0
DA:221,0
DA:222,0
DA:227,0
DA:230,0
DA:231,0
DA:232,0
DA:236,0
DA:238,0
DA:239,0
DA:241,0
DA:242,0
DA:243,0
DA:246,0
DA:248,0
DA:249,0
DA:252,0
DA:255,0
DA:256,0
DA:257,0
DA:259,0
DA:260,0
DA:261,0
DA:264,0
DA:266,0
DA:267,0
DA:270,0
DA:273,0
DA:279,0
DA:282,0
DA:292,0
DA:293,0
DA:304,1
DA:305,0
DA:306,0
DA:309,0
DA:310,0
DA:311,0
DA:315,0
DA:324,0
DA:325,0
DA:330,1
DA:336,1
DA:337,0
DA:338,0
DA:340,0
DA:347,0
DA:348,0
DA:359,0
DA:362,0
DA:363,0
DA:371,1
DA:372,0
DA:373,0
DA:376,0
DA:377,0
DA:379,0
DA:380,0
DA:384,0
DA:386,0
DA:388,0
DA:389,0
LF:149
LH:37
BRDA:18,0,0,1
BRDA:18,0,1,1
BRDA:18,1,0,2
BRDA:18,1,1,2
BRDA:18,1,2,1
BRDA:34,2,0,0
BRDA:34,2,1,1
BRDA:37,3,0,0
BRDA:37,3,1,1
BRDA:37,4,0,1
BRDA:37,4,1,1
BRDA:49,5,0,0
BRDA:49,5,1,1
BRDA:84,6,0,0
BRDA:84,6,1,0
BRDA:105,7,0,0
BRDA:105,7,1,0
BRDA:110,8,0,0
BRDA:110,8,1,0
BRDA:121,9,0,0
BRDA:121,9,1,0
BRDA:140,10,0,0
BRDA:140,10,1,0
BRDA:157,11,0,0
BRDA:157,11,1,1
BRDA:183,12,0,0
BRDA:183,12,1,0
BRDA:188,13,0,0
BRDA:188,13,1,0
BRDA:193,14,0,0
BRDA:193,14,1,0
BRDA:198,15,0,0
BRDA:198,15,1,0
BRDA:224,16,0,0
BRDA:224,16,1,0
BRDA:230,17,0,0
BRDA:230,17,1,0
BRDA:230,18,0,0
BRDA:230,18,1,0
BRDA:241,19,0,0
BRDA:241,19,1,0
BRDA:259,20,0,0
BRDA:259,20,1,0
BRDA:275,21,0,0
BRDA:275,21,1,0
BRDA:306,22,0,0
BRDA:306,22,1,0
BRDA:309,23,0,0
BRDA:309,23,1,0
BRDA:319,24,0,0
BRDA:319,24,1,0
BRDA:320,25,0,0
BRDA:320,25,1,0
BRDA:321,26,0,0
BRDA:321,26,1,0
BRDA:347,27,0,0
BRDA:347,27,1,0
BRDA:379,28,0,0
BRDA:379,28,1,0
BRF:59
BRH:11
end_of_record
TN:
SF:db\database.js
FN:32,query
FN:61,transaction
FN:80,verificarConexion
FN:92,(anonymous_3)
FN:96,(anonymous_4)
FN:112,(anonymous_5)
FN:116,(anonymous_6)
FN:132,(anonymous_7)
FN:136,(anonymous_8)
FN:136,(anonymous_9)
FN:163,verificarTablaDirecciones
FN:204,(anonymous_11)
FN:207,(anonymous_12)
FN:224,(anonymous_13)
FN:224,(anonymous_14)
FN:321,(anonymous_15)
FN:346,inicializarBaseDatos
FN:390,getPool
FN:395,obtenerDireccionesPorUsuario
FNF:19
FNH:0
FNDA:0,query
FNDA:0,transaction
FNDA:0,verificarConexion
FNDA:0,(anonymous_3)
FNDA:0,(anonymous_4)
FNDA:0,(anonymous_5)
FNDA:0,(anonymous_6)
FNDA:0,(anonymous_7)
FNDA:0,(anonymous_8)
FNDA:0,(anonymous_9)
FNDA:0,verificarTablaDirecciones
FNDA:0,(anonymous_11)
FNDA:0,(anonymous_12)
FNDA:0,(anonymous_13)
FNDA:0,(anonymous_14)
FNDA:0,(anonymous_15)
FNDA:0,inicializarBaseDatos
FNDA:0,getPool
FNDA:0,obtenerDireccionesPorUsuario
DA:2,4
DA:3,4
DA:5,4
DA:8,4
DA:18,4
DA:24,4
DA:33,0
DA:34,0
DA:35,0
DA:37,0
DA:39,0
DA:41,0
DA:42,0
DA:45,0
DA:47,0
DA:48,0
DA:49,0
DA:50,0
DA:51,0
DA:52,0
DA:62,0
DA:63,0
DA:65,0
DA:66,0
DA:67,0
DA:69,0
DA:70,0
DA:72,0
DA:81,0
DA:82,0
DA:83,0
DA:85,0
DA:86,0
DA:89,0
DA:90,0
DA:91,0
DA:92,0
DA:94,0
DA:95,0
DA:96,0
DA:97,0
DA:98,0
DA:101,0
DA:103,0
DA:104,0
DA:105,0
DA:109,0
DA:110,0
DA:111,0
DA:112,0
DA:114,0
DA:115,0
DA:116,0
DA:117,0
DA:118,0
DA:121,0
DA:123,0
DA:124,0
DA:125,0
DA:129,0
DA:130,0
DA:131,0
DA:132,0
DA:135,0
DA:136,0
DA:138,0
DA:139,0
DA:140,0
DA:141,0
DA:144,0
DA:145,0
DA:146,0
DA:149,0
DA:150,0
DA:151,0
DA:152,0
DA:154,0
DA:155,0
DA:156,0
DA:157,0
DA:158,0
DA:164,0
DA:165,0
DA:168,0
DA:175,0
DA:176,0
DA:179,0
DA:195,0
DA:197,0
DA:200,0
DA:204,0
DA:207,0
DA:208,0
DA:209,0
DA:210,0
DA:212,0
DA:213,0
DA:216,0
DA:218,0
DA:223,0
DA:224,0
DA:226,0
DA:227,0
DA:230,0
DA:231,0
DA:232,0
DA:234,0
DA:235,0
DA:237,0
DA:238,0
DA:240,0
DA:241,0
DA:243,0
DA:244,0
DA:246,0
DA:247,0
DA:249,0
DA:250,0
DA:252,0
DA:253,0
DA:255,0
DA:256,0
DA:258,0
DA:259,0
DA:261,0
DA:264,0
DA:268,0
DA:271,0
DA:272,0
DA:275,0
DA:276,0
DA:278,0
DA:279,0
DA:280,0
DA:282,0
DA:284,0
DA:286,0
DA:287,0
DA:290,0
DA:306,0
DA:308,0
DA:313,0
DA:317,0
DA:321,0
DA:322,0
DA:325,0
DA:326,0
DA:327,0
DA:328,0
DA:331,0
DA:333,0
DA:338,0
DA:340,0
DA:341,0
DA:347,0
DA:348,0
DA:351,0
DA:352,0
DA:353,0
DA:356,0
DA:357,0
DA:358,0
DA:360,0
DA:363,0
DA:370,0
DA:371,0
DA:373,0
DA:376,0
DA:378,0
DA:379,0
DA:382,0
DA:384,0
DA:385,0
DA:391,0
DA:396,0
DA:397,0
DA:399,0
DA:400,0
DA:401,0
DA:404,0
DA:409,0
DA:411,0
DA:412,0
DA:415,0
DA:417,0
DA:418,0
DA:423,4
LF:187
LH:7
BRDA:39,0,0,0
BRDA:39,0,1,0
BRDA:41,1,0,0
BRDA:41,1,1,0
BRDA:92,2,0,0
BRDA:92,2,1,0
BRDA:94,3,0,0
BRDA:94,3,1,0
BRDA:95,4,0,0
BRDA:95,4,1,0
BRDA:101,5,0,0
BRDA:101,5,1,0
BRDA:112,6,0,0
BRDA:112,6,1,0
BRDA:114,7,0,0
BRDA:114,7,1,0
BRDA:116,8,0,0
BRDA:116,8,1,0
BRDA:138,9,0,0
BRDA:138,9,1,0
BRDA:173,10,0,0
BRDA:173,10,1,0
BRDA:175,11,0,0
BRDA:175,11,1,0
BRDA:208,12,0,0
BRDA:208,12,1,0
BRDA:226,13,0,0
BRDA:226,13,1,0
BRDA:235,14,0,0
BRDA:235,14,1,0
BRDA:235,14,2,0
BRDA:235,14,3,0
BRDA:235,14,4,0
BRDA:235,14,5,0
BRDA:235,14,6,0
BRDA:235,14,7,0
BRDA:235,14,8,0
BRDA:278,15,0,0
BRDA:278,15,1,0
BRDA:322,16,0,0
BRDA:322,16,1,0
BRDA:325,17,0,0
BRDA:325,17,1,0
BRDA:357,18,0,0
BRDA:357,18,1,0
BRDA:370,19,0,0
BRDA:370,19,1,0
BRDA:399,20,0,0
BRDA:399,20,1,0
BRDA:411,21,0,0
BRDA:411,21,1,0
BRF:51
BRH:0
end_of_record
TN:
SF:models\Usuario.js
FN:11,(anonymous_0)
FN:54,(anonymous_1)
FN:78,(anonymous_2)
FN:144,(anonymous_3)
FN:196,(anonymous_4)
FN:207,(anonymous_5)
FN:239,(anonymous_6)
FN:255,(anonymous_7)
FN:269,(anonymous_8)
FNF:9
FNH:0
FNDA:0,(anonymous_0)
FNDA:0,(anonymous_1)
FNDA:0,(anonymous_2)
FNDA:0,(anonymous_3)
FNDA:0,(anonymous_4)
FNDA:0,(anonymous_5)
FNDA:0,(anonymous_6)
FNDA:0,(anonymous_7)
FNDA:0,(anonymous_8)
DA:2,1
DA:3,1
DA:12,0
DA:13,0
DA:15,0
DA:16,0
DA:17,0
DA:21,0
DA:22,0
DA:23,0
DA:24,0
DA:27,0
DA:28,0
DA:33,0
DA:34,0
DA:36,0
DA:37,0
DA:38,0
DA:41,0
DA:42,0
DA:44,0
DA:45,0
DA:55,0
DA:56,0
DA:57,0
DA:62,0
DA:63,0
DA:64,0
DA:66,0
DA:68,0
DA:69,0
DA:79,0
DA:80,0
DA:81,0
DA:84,0
DA:85,0
DA:88,0
DA:91,0
DA:92,0
DA:93,0
DA:96,0
DA:97,0
DA:98,0
DA:99,0
DA:102,0
DA:103,0
DA:104,0
DA:105,0
DA:107,0
DA:109,0
DA:110,0
DA:111,0
DA:114,0
DA:115,0
DA:116,0
DA:117,0
DA:124,0
DA:125,0
DA:127,0
DA:128,0
DA:130,0
DA:132,0
DA:133,0
DA:145,0
DA:146,0
DA:149,0
DA:154,0
DA:155,0
DA:156,0
DA:159,0
DA:162,0
DA:163,0
DA:164,0
DA:167,0
DA:170,0
DA:171,0
DA:173,0
DA:174,0
DA:177,0
DA:179,0
DA:180,0
DA:183,0
DA:185,0
DA:186,0
DA:197,0
DA:198,0
DA:208,0
DA:209,0
DA:212,0
DA:213,0
DA:214,0
DA:215,0
DA:217,0
DA:221,0
DA:226,0
DA:228,0
DA:229,0
DA:240,0
DA:242,0
DA:244,0
DA:249,0
DA:251,0
DA:256,0
DA:257,0
DA:262,0
DA:264,0
DA:265,0
DA:270,0
DA:271,0
DA:276,0
DA:278,0
DA:279,0
DA:284,1
LF:113
LH:3
BRDA:15,0,0,0
BRDA:15,0,1,0
BRDA:22,1,0,0
BRDA:22,1,1,0
BRDA:34,2,0,0
BRDA:34,2,1,0
BRDA:36,3,0,0
BRDA:36,3,1,0
BRDA:42,4,0,0
BRDA:42,4,1,0
BRDA:62,5,0,0
BRDA:62,5,1,0
BRDA:63,6,0,0
BRDA:63,6,1,0
BRDA:66,7,0,0
BRDA:66,7,1,0
BRDA:96,8,0,0
BRDA:96,8,1,0
BRDA:102,9,0,0
BRDA:102,9,1,0
BRDA:114,10,0,0
BRDA:114,10,1,0
BRDA:144,11,0,0
BRDA:154,12,0,0
BRDA:154,12,1,0
BRDA:154,13,0,0
BRDA:154,13,1,0
BRDA:162,14,0,0
BRDA:162,14,1,0
BRDA:162,15,0,0
BRDA:162,15,1,0
BRDA:171,16,0,0
BRDA:171,16,1,0
BRDA:173,17,0,0
BRDA:173,17,1,0
BRDA:177,18,0,0
BRDA:177,18,1,0
BRDA:198,19,0,0
BRDA:198,19,1,0
BRDA:213,20,0,0
BRDA:213,20,1,0
BRDA:276,21,0,0
BRDA:276,21,1,0
BRF:43
BRH:0
end_of_record
TN:
SF:routes\productRoutes.js
FN:44,(anonymous_0)
FN:51,(anonymous_1)
FN:55,(anonymous_2)
FN:59,(anonymous_3)
FN:63,(anonymous_4)
FN:63,(anonymous_5)
FN:72,(anonymous_6)
FN:74,(anonymous_7)
FN:84,(anonymous_8)
FN:104,(anonymous_9)
FNF:10
FNH:6
FNDA:2,(anonymous_0)
FNDA:3,(anonymous_1)
FNDA:0,(anonymous_2)
FNDA:0,(anonymous_3)
FNDA:0,(anonymous_4)
FNDA:0,(anonymous_5)
FNDA:2,(anonymous_6)
FNDA:4,(anonymous_7)
FNDA:1,(anonymous_8)
FNDA:3,(anonymous_9)
DA:2,1
DA:3,1
DA:4,1
DA:7,1
DA:44,1
DA:46,2
DA:48,2
DA:50,2
DA:51,3
DA:54,2
DA:55,0
DA:58,2
DA:59,0
DA:62,2
DA:63,0
DA:64,0
DA:68,2
DA:72,1
DA:73,2
DA:74,4
DA:76,2
DA:77,1
DA:80,1
DA:84,1
DA:85,1
DA:86,1
DA:89,1
DA:90,1
DA:91,0
DA:95,1
DA:102,1
DA:104,1
DA:105,3
DA:106,2
DA:108,3
DA:111,1
DA:117,0
DA:118,0
DA:125,1
LF:39
LH:32
BRDA:50,0,0,1
BRDA:50,0,1,1
BRDA:54,1,0,0
BRDA:54,1,1,2
BRDA:58,2,0,0
BRDA:58,2,1,2
BRDA:62,3,0,0
BRDA:62,3,1,2
BRDA:76,4,0,1
BRDA:76,4,1,1
BRDA:90,5,0,0
BRDA:90,5,1,1
BRDA:105,6,0,2
BRDA:105,6,1,1
BRF:14
BRH:10
end_of_record
